traceroute to 2620:0:862:ed1a::1 (2620:0:862:ed1a::1), 30 hops max, 80 byte packets
 1  2001:630:40:f00:e22f:6dff:fe2c:ed80  0.375 ms
 2  2001:630:40:20::11  0.457 ms
 3  2001:630:40:20::72  0.834 ms
 4  2001:630:0:900c::1  0.931 ms
 5  2001:630:0:10::185  1.568 ms
 6  2001:630:0:10::1fd  11.374 ms
 7  2001:630:0:10::1f1  7.747 ms
 8  2001:630:0:10::1dd  11.773 ms
 9  2001:630:0:10::1c9  12.332 ms
10  2001:630:0:10::3e  12.244 ms
11  2001:730:2903:7::d52e:af31  12.373 ms
12  *
13  2001:730:2200::5474:8004  20.410 ms
14  2001:730:2200::5474:80ce  20.524 ms
15  *
16  *
17  *
18  *
19  *
20  *
21  *
22  *
23  *
24  *
25  *
26  *
27  *
28  *
29  *
30  *
